Base path: C:/Program Files/Unity/Editor/Data
<<<<<<< HEAD
Pipe name: \\.\pipe\UnityShaderCompiler-64bit-1-9500
=======
<<<<<<< HEAD
Pipe name: \\.\pipe\UnityShaderCompiler-64bit-1-9484
=======
Pipe name: \\.\pipe\UnityShaderCompiler-64bit-1-9692
>>>>>>> origin/master
>>>>>>> origin/master
Cmd: getPlatforms
Cmd: compileSnippet
  api=4 type=0 insize=966 outsize=1290 kw= pd= ok=1
Cmd: compileSnippet
  api=4 type=1 insize=966 outsize=811 kw= pd= ok=1
Cmd: compileSnippet
  api=4 type=0 insize=982 outsize=4337 kw=DIRECTIONAL SHADOWS_SCREEN LIGHTMAP_OFF DIRLIGHTMAP_OFF DYNAMICLIGHTMAP_OFF _ALPHAPREMULTIPLY_ON pd= ok=1
Cmd: compileSnippet
  api=4 type=1 insize=982 outsize=10959 kw=DIRECTIONAL SHADOWS_SCREEN LIGHTMAP_OFF DIRLIGHTMAP_OFF DYNAMICLIGHTMAP_OFF _ALPHAPREMULTIPLY_ON pd= ok=1
Cmd: compileSnippet
  api=4 type=0 insize=1482 outsize=1290 kw=SOFTPARTICLES_OFF pd= ok=1
Cmd: compileSnippet
  api=4 type=1 insize=1482 outsize=827 kw=SOFTPARTICLES_OFF pd= ok=1
